<?xml version="1.0" encoding="UTF-8"?>
<testsuites name="jest tests" tests="9" failures="0" errors="0" time="0.166">
  <testsuite name="MKP API" errors="0" failures="0" skipped="0" timestamp="2026-05-24T18:02:13" time="0.132" tests="9">
    <testcase classname="MKP API GET /health returns ok status" name="MKP API GET /health returns ok status" time="0.009">
    </testcase>
    <testcase classname="MKP API POST /MKP/markup calculates markup and price for valid input" name="MKP API POST /MKP/markup calculates markup and price for valid input" time="0.005">
    </testcase>
    <testcase classname="MKP API POST /MKP/markup rejects invalid numeric payloads" name="MKP API POST /MKP/markup rejects invalid numeric payloads" time="0.001">
    </testcase>
    <testcase classname="MKP API POST /MKP/markup rejects sums that reach 100 percent" name="MKP API POST /MKP/markup rejects sums that reach 100 percent" time="0.001">
    </testcase>
    <testcase classname="MKP API POST /MKP/custos sums direct and indirect costs" name="MKP API POST /MKP/custos sums direct and indirect costs" time="0.001">
    </testcase>
    <testcase classname="MKP API POST /MKP/custos returns error for non numeric inputs" name="MKP API POST /MKP/custos returns error for non numeric inputs" time="0.001">
    </testcase>
    <testcase classname="MKP API POST /MKP/preco-venda calculates sale price from total cost and markup" name="MKP API POST /MKP/preco-venda calculates sale price from total cost and markup" time="0">
    </testcase>
    <testcase classname="MKP API POST /MKP/preco-venda accepts multiplicador as fallback field" name="MKP API POST /MKP/preco-venda accepts multiplicador as fallback field" time="0.001">
    </testcase>
    <testcase classname="MKP API POST /MKP/preco-venda returns error for invalid payloads" name="MKP API POST /MKP/preco-venda returns error for invalid payloads" time="0.001">
    </testcase>
  </testsuite>
</testsuites>